# JRE version: OpenJDK Runtime Environment (23.0.2) (build 23.0.2)
# Java VM: OpenJDK 64-Bit Server VM (23.0.2, mixed mode, sharing, tiered, compressed oops, compressed class ptrs, g1 gc, linux-amd64)
GC Precious Log:
 CardTable entry size: 512
 Card Set container configuration: InlinePtr #cards 4 size 8 Array Of Cards #cards 32 size 80 Howl #buckets 8 coarsen threshold 7372 Howl Bitmap #cards 1024 size 144 coarsen threshold 921 Card regions per heap region 1 cards per card region 8192
 CPUs: 2 total, 2 available
 Memory: 30014M
 Large Page Support: Disabled
 NUMA Support: Disabled
 Compressed Oops: Enabled (Zero based)
 Heap Region Size: 4M
 Heap Min Capacity: 8M
 Heap Initial Capacity: 472M
 Heap Max Capacity: 7504M
 Pre-touch: Disabled
 Parallel Workers: 2
 Concurrent Workers: 1
 Concurrent Refinement Workers: 2
 Periodic GC: Disabled
Heap:
 garbage-first heap   total reserved 7684096K, committed 487424K, used 11368K [0x000000062b000000, 0x0000000800000000)
  region size 4096K, 3 young (12288K), 1 survivors (4096K)
 Metaspace       used 19334K, committed 19712K, reserved 1114112K
  class space    used 2169K, committed 2368K, reserved 1048576K
GC Heap History (10 events):
Event: 0.633 GC heap before
{Heap before GC invocations=0 (full 0):
 garbage-first heap   total reserved 7684096K, committed 487424K, used 21625K [0x000000062b000000, 0x0000000800000000)
  region size 4096K, 5 young (20480K), 0 survivors (0K)
 Metaspace       used 5860K, committed 6080K, reserved 1114112K
  class space    used 719K, committed 832K, reserved 1048576K
}
Event: 0.639 GC heap after
{Heap after GC invocations=1 (full 0):
 garbage-first heap   total reserved 7684096K, committed 487424K, used 4250K [0x000000062b000000, 0x0000000800000000)
  region size 4096K, 1 young (4096K), 1 survivors (4096K)
 Metaspace       used 5860K, committed 6080K, reserved 1114112K
  class space    used 719K, committed 832K, reserved 1048576K
}
Event: 0.927 GC heap before
{Heap before GC invocations=1 (full 0):
 garbage-first heap   total reserved 7684096K, committed 487424K, used 20634K [0x000000062b000000, 0x0000000800000000)
  region size 4096K, 5 young (20480K), 1 survivors (4096K)
 Metaspace       used 7377K, committed 7552K, reserved 1114112K
  class space    used 903K, committed 1024K, reserved 1048576K
}
Event: 0.932 GC heap after
{Heap after GC invocations=2 (full 0):
 garbage-first heap   total reserved 7684096K, committed 487424K, used 4990K [0x000000062b000000, 0x0000000800000000)
  region size 4096K, 1 young (4096K), 1 survivors (4096K)
 Metaspace       used 7377K, committed 7552K, reserved 1114112K
  class space    used 903K, committed 1024K, reserved 1048576K
}
Event: 1.333 GC heap before
{Heap before GC invocations=2 (full 0):
 garbage-first heap   total reserved 7684096K, committed 487424K, used 21374K [0x000000062b000000, 0x0000000800000000)
  region size 4096K, 5 young (20480K), 1 survivors (4096K)
 Metaspace       used 10744K, committed 10880K, reserved 1114112K
  class space    used 1342K, committed 1408K, reserved 1048576K
}
Event: 1.336 GC heap after
{Heap after GC invocations=3 (full 0):
 garbage-first heap   total reserved 7684096K, committed 487424K, used 6198K [0x000000062b000000, 0x0000000800000000)
  region size 4096K, 1 young (4096K), 1 survivors (4096K)
 Metaspace       used 10744K, committed 10880K, reserved 1114112K
  class space    used 1342K, committed 1408K, reserved 1048576K
}
Event: 2.297 GC heap before
{Heap before GC invocations=3 (full 0):
 garbage-first heap   total reserved 7684096K, committed 487424K, used 34870K [0x000000062b000000, 0x0000000800000000)
  region size 4096K, 8 young (32768K), 1 survivors (4096K)
 Metaspace       used 15636K, committed 15872K, reserved 1114112K
  class space    used 1933K, committed 2048K, reserved 1048576K
}
Event: 2.312 GC heap after
{Heap after GC invocations=4 (full 0):
 garbage-first heap   total reserved 7684096K, committed 487424K, used 9025K [0x000000062b000000, 0x0000000800000000)
  region size 4096K, 1 young (4096K), 1 survivors (4096K)
 Metaspace       used 15636K, committed 15872K, reserved 1114112K
  class space    used 1933K, committed 2048K, reserved 1048576K
}
Event: 2.821 GC heap before
{Heap before GC invocations=4 (full 0):
 garbage-first heap   total reserved 7684096K, committed 487424K, used 33601K [0x000000062b000000, 0x0000000800000000)
  region size 4096K, 7 young (28672K), 1 survivors (4096K)
 Metaspace       used 17102K, committed 17408K, reserved 1114112K
  class space    used 2096K, committed 2240K, reserved 1048576K
}
Event: 2.829 GC heap after
{Heap after GC invocations=5 (full 0):
 garbage-first heap   total reserved 7684096K, committed 487424K, used 11368K [0x000000062b000000, 0x0000000800000000)
  region size 4096K, 1 young (4096K), 1 survivors (4096K)
 Metaspace       used 17102K, committed 17408K, reserved 1114112K
  class space    used 2096K, committed 2240K, reserved 1048576K
}

