# JRE version: OpenJDK Runtime Environment (23.0.2) (build 23.0.2)
# Java VM: OpenJDK 64-Bit Server VM (23.0.2, mixed mode, sharing, tiered, compressed oops, compressed class ptrs, g1 gc, linux-amd64)
GC Precious Log:
 CardTable entry size: 512
 Card Set container configuration: InlinePtr #cards 4 size 8 Array Of Cards #cards 32 size 80 Howl #buckets 8 coarsen threshold 7372 Howl Bitmap #cards 1024 size 144 coarsen threshold 921 Card regions per heap region 1 cards per card region 8192
 CPUs: 2 total, 2 available
 Memory: 30014M
 Large Page Support: Disabled
 NUMA Support: Disabled
 Compressed Oops: Enabled (Zero based)
 Heap Region Size: 4M
 Heap Min Capacity: 8M
 Heap Initial Capacity: 472M
 Heap Max Capacity: 7504M
 Pre-touch: Disabled
 Parallel Workers: 2
 Concurrent Workers: 1
 Concurrent Refinement Workers: 2
 Periodic GC: Disabled
Heap:
 garbage-first heap   total reserved 7684096K, committed 487424K, used 10510K [0x000000062b000000, 0x0000000800000000)
  region size 4096K, 3 young (12288K), 1 survivors (4096K)
 Metaspace       used 19331K, committed 19712K, reserved 1114112K
  class space    used 2169K, committed 2368K, reserved 1048576K
GC Heap History (10 events):
Event: 0.686 GC heap before
{Heap before GC invocations=0 (full 0):
 garbage-first heap   total reserved 7684096K, committed 487424K, used 21625K [0x000000062b000000, 0x0000000800000000)
  region size 4096K, 5 young (20480K), 0 survivors (0K)
 Metaspace       used 5869K, committed 6080K, reserved 1114112K
  class space    used 719K, committed 832K, reserved 1048576K
}
Event: 0.693 GC heap after
{Heap after GC invocations=1 (full 0):
 garbage-first heap   total reserved 7684096K, committed 487424K, used 4268K [0x000000062b000000, 0x0000000800000000)
  region size 4096K, 1 young (4096K), 1 survivors (4096K)
 Metaspace       used 5869K, committed 6080K, reserved 1114112K
  class space    used 719K, committed 832K, reserved 1048576K
}
Event: 1.030 GC heap before
{Heap before GC invocations=1 (full 0):
 garbage-first heap   total reserved 7684096K, committed 487424K, used 20652K [0x000000062b000000, 0x0000000800000000)
  region size 4096K, 5 young (20480K), 1 survivors (4096K)
 Metaspace       used 7382K, committed 7552K, reserved 1114112K
  class space    used 903K, committed 1024K, reserved 1048576K
}
Event: 1.036 GC heap after
{Heap after GC invocations=2 (full 0):
 garbage-first heap   total reserved 7684096K, committed 487424K, used 4950K [0x000000062b000000, 0x0000000800000000)
  region size 4096K, 1 young (4096K), 1 survivors (4096K)
 Metaspace       used 7382K, committed 7552K, reserved 1114112K
  class space    used 903K, committed 1024K, reserved 1048576K
}
Event: 1.434 GC heap before
{Heap before GC invocations=2 (full 0):
 garbage-first heap   total reserved 7684096K, committed 487424K, used 21334K [0x000000062b000000, 0x0000000800000000)
  region size 4096K, 5 young (20480K), 1 survivors (4096K)
 Metaspace       used 10751K, committed 10944K, reserved 1114112K
  class space    used 1339K, committed 1408K, reserved 1048576K
}
Event: 1.437 GC heap after
{Heap after GC invocations=3 (full 0):
 garbage-first heap   total reserved 7684096K, committed 487424K, used 6181K [0x000000062b000000, 0x0000000800000000)
  region size 4096K, 1 young (4096K), 1 survivors (4096K)
 Metaspace       used 10751K, committed 10944K, reserved 1114112K
  class space    used 1339K, committed 1408K, reserved 1048576K
}
Event: 2.311 GC heap before
{Heap before GC invocations=3 (full 0):
 garbage-first heap   total reserved 7684096K, committed 487424K, used 34853K [0x000000062b000000, 0x0000000800000000)
  region size 4096K, 8 young (32768K), 1 survivors (4096K)
 Metaspace       used 15597K, committed 15808K, reserved 1114112K
  class space    used 1933K, committed 2048K, reserved 1048576K
}
Event: 2.320 GC heap after
{Heap after GC invocations=4 (full 0):
 garbage-first heap   total reserved 7684096K, committed 487424K, used 8899K [0x000000062b000000, 0x0000000800000000)
  region size 4096K, 1 young (4096K), 1 survivors (4096K)
 Metaspace       used 15597K, committed 15808K, reserved 1114112K
  class space    used 1933K, committed 2048K, reserved 1048576K
}
Event: 2.816 GC heap before
{Heap before GC invocations=4 (full 0):
 garbage-first heap   total reserved 7684096K, committed 487424K, used 29379K [0x000000062b000000, 0x0000000800000000)
  region size 4096K, 7 young (28672K), 1 survivors (4096K)
 Metaspace       used 17098K, committed 17408K, reserved 1114112K
  class space    used 2095K, committed 2240K, reserved 1048576K
}
Event: 2.825 GC heap after
{Heap after GC invocations=5 (full 0):
 garbage-first heap   total reserved 7684096K, committed 487424K, used 10510K [0x000000062b000000, 0x0000000800000000)
  region size 4096K, 1 young (4096K), 1 survivors (4096K)
 Metaspace       used 17098K, committed 17408K, reserved 1114112K
  class space    used 2095K, committed 2240K, reserved 1048576K
}

