# JRE version: OpenJDK Runtime Environment (23.0.2) (build 23.0.2)
# Java VM: OpenJDK 64-Bit Server VM (23.0.2, mixed mode, sharing, tiered, compressed oops, compressed class ptrs, g1 gc, linux-amd64)
Heap:
 garbage-first heap   total reserved 7684096K, committed 487424K, used 12123K [0x000000062b000000, 0x0000000800000000)
  region size 4096K, 2 young (8192K), 1 survivors (4096K)
 Metaspace       used 19314K, committed 19584K, reserved 1114112K
  class space    used 2170K, committed 2304K, reserved 1048576K
GC Heap History (10 events):
Event: 0.694 GC heap before
{Heap before GC invocations=0 (full 0):
 garbage-first heap   total reserved 7684096K, committed 487424K, used 21625K [0x000000062b000000, 0x0000000800000000)
  region size 4096K, 5 young (20480K), 0 survivors (0K)
 Metaspace       used 5886K, committed 6080K, reserved 1114112K
  class space    used 719K, committed 832K, reserved 1048576K
}
Event: 0.698 GC heap after
{Heap after GC invocations=1 (full 0):
 garbage-first heap   total reserved 7684096K, committed 487424K, used 4205K [0x000000062b000000, 0x0000000800000000)
  region size 4096K, 1 young (4096K), 1 survivors (4096K)
 Metaspace       used 5886K, committed 6080K, reserved 1114112K
  class space    used 719K, committed 832K, reserved 1048576K
}
Event: 1.008 GC heap before
{Heap before GC invocations=1 (full 0):
 garbage-first heap   total reserved 7684096K, committed 487424K, used 20589K [0x000000062b000000, 0x0000000800000000)
  region size 4096K, 5 young (20480K), 1 survivors (4096K)
 Metaspace       used 7435K, committed 7616K, reserved 1114112K
  class space    used 903K, committed 1024K, reserved 1048576K
}
Event: 1.015 GC heap after
{Heap after GC invocations=2 (full 0):
 garbage-first heap   total reserved 7684096K, committed 487424K, used 4687K [0x000000062b000000, 0x0000000800000000)
  region size 4096K, 1 young (4096K), 1 survivors (4096K)
 Metaspace       used 7435K, committed 7616K, reserved 1114112K
  class space    used 903K, committed 1024K, reserved 1048576K
}
Event: 1.434 GC heap before
{Heap before GC invocations=2 (full 0):
 garbage-first heap   total reserved 7684096K, committed 487424K, used 21071K [0x000000062b000000, 0x0000000800000000)
  region size 4096K, 5 young (20480K), 1 survivors (4096K)
 Metaspace       used 10779K, committed 10944K, reserved 1114112K
  class space    used 1340K, committed 1408K, reserved 1048576K
}
Event: 1.438 GC heap after
{Heap after GC invocations=3 (full 0):
 garbage-first heap   total reserved 7684096K, committed 487424K, used 6030K [0x000000062b000000, 0x0000000800000000)
  region size 4096K, 1 young (4096K), 1 survivors (4096K)
 Metaspace       used 10779K, committed 10944K, reserved 1114112K
  class space    used 1340K, committed 1408K, reserved 1048576K
}
Event: 2.387 GC heap before
{Heap before GC invocations=3 (full 0):
 garbage-first heap   total reserved 7684096K, committed 487424K, used 34702K [0x000000062b000000, 0x0000000800000000)
  region size 4096K, 8 young (32768K), 1 survivors (4096K)
 Metaspace       used 15628K, committed 15872K, reserved 1114112K
  class space    used 1930K, committed 2048K, reserved 1048576K
}
Event: 2.395 GC heap after
{Heap after GC invocations=4 (full 0):
 garbage-first heap   total reserved 7684096K, committed 487424K, used 8885K [0x000000062b000000, 0x0000000800000000)
  region size 4096K, 1 young (4096K), 1 survivors (4096K)
 Metaspace       used 15628K, committed 15872K, reserved 1114112K
  class space    used 1930K, committed 2048K, reserved 1048576K
}
Event: 3.355 GC heap before
{Heap before GC invocations=4 (full 0):
 garbage-first heap   total reserved 7684096K, committed 487424K, used 37557K [0x000000062b000000, 0x0000000800000000)
  region size 4096K, 8 young (32768K), 1 survivors (4096K)
 Metaspace       used 18377K, committed 18688K, reserved 1114112K
  class space    used 2142K, committed 2304K, reserved 1048576K
}
Event: 3.365 GC heap after
{Heap after GC invocations=5 (full 0):
 garbage-first heap   total reserved 7684096K, committed 487424K, used 12123K [0x000000062b000000, 0x0000000800000000)
  region size 4096K, 1 young (4096K), 1 survivors (4096K)
 Metaspace       used 18377K, committed 18688K, reserved 1114112K
  class space    used 2142K, committed 2304K, reserved 1048576K
}

